<?xml version="1.0" encoding="UTF-8"?>
<testsuite name="search stays in travelocity" tests="1" skipped="0" failures="0" errors="0" timestamp="2021-07-13T17:30:47" hostname="LAPTOP-TKL8FKRM" time="26.241">
  <properties/>
  <testcase name="Search stays" classname="search stays in travelocity" time="26.241"/>
  <system-out><![CDATA[]]></system-out>
  <system-err><![CDATA[jul 13, 2021 12:30:47 PM org.openqa.selenium.remote.DesiredCapabilities chrome
INFORMACIÓN: Using `new ChromeOptions()` is preferred to `DesiredCapabilities.chrome()`
jul 13, 2021 12:30:48 PM org.openqa.selenium.remote.ProtocolHandshake createSession
INFORMACIÓN: Detected dialect: W3C
[Test worker] INFO net.thucydides.core.steps.ConsoleLoggingListener - 
        __    _____ _____ ____ _____   ____   _    ____  ____  _____ ____  
  _     \ \  |_   _| ____/ ___|_   _| |  _ \ / \  / ___|/ ___|| ____|  _ \ 
 (_)_____| |   | | |  _| \___ \ | |   | |_) / _ \ \___ \\___ \|  _| | | | |
  _|_____| |   | | | |___ ___) || |   |  __/ ___ \ ___) |___) | |___| |_| |
 (_)     | |   |_| |_____|____/ |_|   |_| /_/   \_\____/|____/|_____|____/ 
        /_/                                                                

TEST PASSED: Search stays
----------------------------------------------------------------------------
]]></system-err>
</testsuite>
