<?xml version="1.0" encoding="UTF-8"?>
<testsuite name="search flight one-way in travelocity" tests="1" skipped="0" failures="0" errors="0" timestamp="2021-07-12T07:03:18" hostname="LAPTOP-TKL8FKRM" time="19.753">
  <properties/>
  <testcase name="Search a flight one-way in the morning" classname="search flight one-way in travelocity" time="19.753"/>
  <system-out><![CDATA[]]></system-out>
  <system-err><![CDATA[jul 12, 2021 2:03:18 AM org.openqa.selenium.remote.DesiredCapabilities chrome
INFORMACIÓN: Using `new ChromeOptions()` is preferred to `DesiredCapabilities.chrome()`
Starting ChromeDriver 91.0.4472.101 (af52a90bf87030dd1523486a1cd3ae25c5d76c9b-refs/branch-heads/4472@{#1462}) on port 20553
Only local connections are allowed.
Please see https://chromedriver.chromium.org/security-considerations for suggestions on keeping ChromeDriver safe.
ChromeDriver was started successfully.
jul 12, 2021 2:03:20 AM org.openqa.selenium.remote.ProtocolHandshake createSession
INFORMACIÓN: Detected dialect: W3C
[Test worker] INFO net.thucydides.core.steps.ConsoleLoggingListener - 
        __    _____ _____ ____ _____   ____   _    ____  ____  _____ ____  
  _     \ \  |_   _| ____/ ___|_   _| |  _ \ / \  / ___|/ ___|| ____|  _ \ 
 (_)_____| |   | | |  _| \___ \ | |   | |_) / _ \ \___ \\___ \|  _| | | | |
  _|_____| |   | | | |___ ___) || |   |  __/ ___ \ ___) |___) | |___| |_| |
 (_)     | |   |_| |_____|____/ |_|   |_| /_/   \_\____/|____/|_____|____/ 
        /_/                                                                

TEST PASSED: Search a flight one-way in the morning
----------------------------------------------------------------------------
]]></system-err>
</testsuite>
